2026-01-24T16:49:02 | touched: README.md
2026-01-22T14:06:02 | touched: LICENSE
2026-01-11T01:02:50 | touched: README.md
2026-01-02T23:59:54 | touched: Cargo.toml
2026-01-30T01:40:42 | touched: Cargo.toml
2026-01-01T17:29:48 | touched: src/lib.rs
2026-02-06T16:02:00 | touched: LICENSE
2025-09-09T05:55:47 | touched: README.md
2026-01-22T08:13:20 | touched: README.md
2025-03-17T07:54:55 | touched: Cargo.toml
2025-06-25T22:01:19 | touched: Cargo.toml
2024-10-13T17:21:31 | touched: LICENSE
2026-01-19T14:47:22 | touched: Cargo.toml
2026-01-20T04:20:34 | touched: Cargo.toml
2025-11-10T23:11:04 | touched: src/lib.rs
2025-01-28T09:06:53 | touched: src/lib.rs
2025-12-14T10:24:19 | touched: README.md
2025-12-16T16:48:55 | touched: src/main.rs
2025-12-27T03:02:28 | touched: README.md
2025-12-09T02:13:04 | touched: src/main.rs
2025-12-21T01:21:31 | touched: Cargo.toml
2025-09-29T15:52:49 | touched: LICENSE
2025-07-12T03:42:38 | touched: Cargo.toml
2025-07-03T05:05:14 | touched: LICENSE
2025-05-22T21:53:52 | touched: Cargo.toml
2025-01-06T16:23:15 | touched: Cargo.toml
2025-09-07T21:33:17 | touched: src/main.rs
2025-01-21T19:55:29 | touched: src/main.rs
2025-01-30T13:15:52 | touched: src/main.rs
